::1 - - [21/Oct/2017:14:48:27 +0200] "GET / HTTP/1.1" 200 46
::1 - - [21/Oct/2017:14:48:48 +0200] "GET /example/v1/hotels HTTP/1.1" 404 215
::1 - - [21/Oct/2017:14:55:48 +0200] "GET /example/v1/hotels HTTP/1.1" 500 530
::1 - - [21/Oct/2017:14:56:03 +0200] "GET /example/v1/hotels HTTP/1.1" 500 530
::1 - - [21/Oct/2017:14:56:32 +0200] "GET /example/v1/hotels HTTP/1.1" 500 530
::1 - - [21/Oct/2017:14:56:33 +0200] "GET /example/v1/hotels HTTP/1.1" 500 530
::1 - - [21/Oct/2017:14:56:38 +0200] "GET /example/v1/hotels HTTP/1.1" 500 530
::1 - - [21/Oct/2017:14:57:01 +0200] "GET /example/v1/hotels HTTP/1.1" 500 530
::1 - - [21/Oct/2017:14:57:42 +0200] "GET /example/v1/hotels HTTP/1.1" 500 530
::1 - - [21/Oct/2017:14:58:17 +0200] "GET /example/v1/hotels HTTP/1.1" 500 530
::1 - - [21/Oct/2017:15:03:34 +0200] "GET /example/v1/hotels HTTP/1.1" 404 215
::1 - - [21/Oct/2017:15:03:40 +0200] "GET /example/v1/hotels HTTP/1.1" 404 215
::1 - - [21/Oct/2017:15:04:29 +0200] "GET /example/v1/hotels HTTP/1.1" 500 530
::1 - - [21/Oct/2017:15:09:32 +0200] "GET /example/v1/hotels HTTP/1.1" 404 215
::1 - - [21/Oct/2017:15:09:40 +0200] "GET /example/v1/hotels HTTP/1.1" 404 215
::1 - - [21/Oct/2017:15:11:55 +0200] "GET /example/v1/hotels HTTP/1.1" 404 215
127.0.0.1 - - [21/Oct/2017:15:12:02 +0200] "GET /example/v1/hotels HTTP/1.1" 404 215
127.0.0.1 - - [21/Oct/2017:15:12:04 +0200] "GET /example/v1/hotels HTTP/1.1" 404 215
127.0.0.1 - - [21/Oct/2017:15:12:09 +0200] "GET /example/v1/hotels HTTP/1.1" 404 215
::1 - - [21/Oct/2017:15:18:43 +0200] "GET /v1/hotels HTTP/1.1" 404 207
::1 - - [21/Oct/2017:15:19:09 +0200] "GET /v1/hotels HTTP/1.1" 404 207
::1 - - [21/Oct/2017:15:19:10 +0200] "GET /v1/hotels HTTP/1.1" 404 207
::1 - - [21/Oct/2017:15:19:10 +0200] "GET /v1/hotels HTTP/1.1" 404 207
::1 - - [21/Oct/2017:17:01:44 +0200] "GET /example/v1/hotels HTTP/1.1" 200 234
::1 - - [21/Oct/2017:17:02:26 +0200] "GET /example/v1/hotels HTTP/1.1" 200 234
::1 - - [21/Oct/2017:22:44:14 +0200] "GET /example/v1/hotels HTTP/1.1" 401 381
::1 - toto [21/Oct/2017:22:44:42 +0200] "GET /example/v1/hotels HTTP/1.1" 200 234
::1 - toto [22/Oct/2017:13:32:06 +0200] "GET /example/v1/hotels HTTP/1.1" 200 234
::1 - toto [22/Oct/2017:13:47:36 +0200] "GET /example/v1/hotels HTTP/1.1" 500 530
::1 - toto [22/Oct/2017:13:48:02 +0200] "GET /example/v1/hotels HTTP/1.1" 200 234
::1 - - [22/Oct/2017:13:52:50 +0200] "GET /example/v1/hotels HTTP/1.1" 401 381
::1 - - [22/Oct/2017:13:53:47 +0200] "GET /example/v1/hotels HTTP/1.1" 401 381
::1 - \xb6\x8bh [22/Oct/2017:13:54:49 +0200] "GET /example/v1/hotels HTTP/1.1" 401 381
::1 - toto [22/Oct/2017:13:55:15 +0200] "GET /example/v1/hotels HTTP/1.1" 200 234
::1 - toto [22/Oct/2017:13:56:50 +0200] "GET /example/v1/hotels HTTP/1.1" 200 234
::1 - toto [22/Oct/2017:13:56:51 +0200] "GET /example/v1/hotels HTTP/1.1" 200 234
::1 - toto [22/Oct/2017:13:56:52 +0200] "GET /example/v1/hotels HTTP/1.1" 200 234
::1 - \xb6\x8bh [22/Oct/2017:13:57:04 +0200] "GET /example/v1/hotels HTTP/1.1" 401 381
::1 - toto [22/Oct/2017:13:59:07 +0200] "GET /example/v1/hotels HTTP/1.1" 200 234
::1 - - [22/Oct/2017:14:38:30 +0200] "\x16\x03\x01" 400 226
::1 - - [22/Oct/2017:14:38:31 +0200] "\x16\x03\x01" 400 226
::1 - toto [22/Oct/2017:14:48:30 +0200] "GET /example/v1/hotels HTTP/1.1" 200 234
::1 - - [22/Oct/2017:14:48:35 +0200] "\x16\x03\x01" 400 226
::1 - - [22/Oct/2017:14:48:39 +0200] "\x16\x03\x01" 400 226
::1 - - [22/Oct/2017:14:51:03 +0200] "\x16\x03\x01" 400 226
::1 - - [22/Oct/2017:14:52:18 +0200] "\x16\x03\x01" 400 226
::1 - toto [22/Oct/2017:14:55:24 +0200] "GET /example/v1/hotels HTTP/1.1" 404 215
::1 - - [22/Oct/2017:14:55:26 +0200] "\x16\x03\x01" 400 226
::1 - - [22/Oct/2017:14:55:35 +0200] "\x16\x03\x01" 400 226
::1 - - [22/Oct/2017:14:55:41 +0200] "\x16\x03\x01" 400 226
::1 - - [22/Oct/2017:14:56:54 +0200] "\x16\x03\x01" 400 226
::1 - - [22/Oct/2017:14:56:55 +0200] "\x16\x03\x01" 400 226
::1 - - [22/Oct/2017:14:56:55 +0200] "\x16\x03\x01" 400 226
::1 - - [22/Oct/2017:14:56:56 +0200] "\x16\x03\x01" 400 226
::1 - - [22/Oct/2017:14:57:22 +0200] "\x16\x03\x01" 400 226
::1 - - [22/Oct/2017:14:58:57 +0200] "\x16\x03\x01" 400 226
::1 - - [22/Oct/2017:14:58:57 +0200] "\x16\x03\x01" 400 226
::1 - - [22/Oct/2017:14:58:58 +0200] "\x16\x03\x01" 400 226
::1 - - [22/Oct/2017:14:59:29 +0200] "\x16\x03\x01" 400 226
::1 - - [22/Oct/2017:14:59:29 +0200] "\x16\x03\x01" 400 226
::1 - - [22/Oct/2017:14:59:29 +0200] "\x16\x03\x01" 400 226
::1 - toto [22/Oct/2017:15:09:50 +0200] "GET /example/v1/hotels HTTP/1.1" 404 215
::1 - - [22/Oct/2017:15:14:19 +0200] "GET / HTTP/1.1" 401 381
::1 - toto [22/Oct/2017:15:14:26 +0200] "GET / HTTP/1.1" 200 46
::1 - toto [22/Oct/2017:15:14:26 +0200] "GET /favicon.ico HTTP/1.1" 404 209
::1 - - [22/Oct/2017:15:14:59 +0200] "GET / HTTP/1.1" 200 46
::1 - - [22/Oct/2017:15:14:59 +0200] "GET /favicon.ico HTTP/1.1" 404 209
::1 - - [22/Oct/2017:15:16:12 +0200] "GET / HTTP/1.1" 304 -
::1 - - [22/Oct/2017:15:17:53 +0200] "GET / HTTP/1.1" 304 -
::1 - - [22/Oct/2017:15:27:02 +0200] "GET / HTTP/1.1" 200 46
::1 - - [22/Oct/2017:15:27:02 +0200] "GET /favicon.ico HTTP/1.1" 404 209
::1 - - [22/Oct/2017:15:27:16 +0200] "GET / HTTP/1.1" 200 46
::1 - - [22/Oct/2017:15:46:41 +0200] "GET /example/v1/hotels HTTP/1.1" 200 234
::1 - - [22/Oct/2017:15:46:45 +0200] "GET /example/v1/hotels HTTP/1.1" 200 234
::1 - - [22/Oct/2017:15:46:49 +0200] "GET /example/v1/hotels HTTP/1.1" 200 234
::1 - - [22/Oct/2017:15:49:19 +0200] "GET /example/v1/hotels HTTP/1.1" 200 234
::1 - toto [22/Oct/2017:15:49:51 +0200] "GET /example/v1/hotels HTTP/1.1" 200 234
::1 - - [22/Oct/2017:15:50:00 +0200] "GET /example/v1/hotels HTTP/1.1" 401 381
::1 - toto [22/Oct/2017:15:50:09 +0200] "GET /example/v1/hotels HTTP/1.1" 200 234
::1 - toto [22/Oct/2017:15:50:17 +0200] "GET /example/v1/hotels HTTP/1.1" 200 234
